[23-Sep-2019 12:45:08 UTC] PHP Fatal error:  Cannot use isset() on the result of an expression (you can use "null !== expression" instead) in C:\Apache24\htdocs\bioped\storage\framework\views\10a10c4088c227369dd4e6d7081401a0d7450f34.php on line 255
[23-Sep-2019 12:48:38 UTC] PHP Fatal error:  Cannot use isset() on the result of an expression (you can use "null !== expression" instead) in C:\Apache24\htdocs\bioped\storage\framework\views\10a10c4088c227369dd4e6d7081401a0d7450f34.php on line 255
[23-Sep-2019 12:49:16 UTC] PHP Fatal error:  Cannot use isset() on the result of an expression (you can use "null !== expression" instead) in C:\Apache24\htdocs\bioped\storage\framework\views\10a10c4088c227369dd4e6d7081401a0d7450f34.php on line 255
[23-Sep-2019 12:54:23 UTC] PHP Fatal error:  Cannot use isset() on the result of an expression (you can use "null !== expression" instead) in C:\Apache24\htdocs\bioped\storage\framework\views\10a10c4088c227369dd4e6d7081401a0d7450f34.php on line 256
[23-Sep-2019 12:55:02 UTC] PHP Fatal error:  Cannot use isset() on the result of an expression (you can use "null !== expression" instead) in C:\Apache24\htdocs\bioped\storage\framework\views\10a10c4088c227369dd4e6d7081401a0d7450f34.php on line 256
[23-Sep-2019 12:55:05 UTC] PHP Fatal error:  Cannot use isset() on the result of an expression (you can use "null !== expression" instead) in C:\Apache24\htdocs\bioped\storage\framework\views\10a10c4088c227369dd4e6d7081401a0d7450f34.php on line 256
[22-Oct-2019 09:03:50 UTC] PHP Fatal error:  Cannot use isset() on the result of an expression (you can use "null !== expression" instead) in C:\Apache24\htdocs\bioped\app\Http\Controllers\Auth\LoginController.php on line 285
[22-Oct-2019 10:09:36 UTC] PHP Fatal error:  Cannot redeclare App\Helpers\UserHelper::totalPhysicalAppoinment() in C:\Apache24\htdocs\bioped\app\Helpers\UserHelper.php on line 235
[22-Oct-2019 10:09:41 UTC] PHP Fatal error:  Cannot redeclare App\Helpers\UserHelper::totalPhysicalAppoinment() in C:\Apache24\htdocs\bioped\app\Helpers\UserHelper.php on line 235
[22-Oct-2019 10:09:50 UTC] PHP Fatal error:  Cannot redeclare App\Helpers\UserHelper::totalPhysicalAppoinment() in C:\Apache24\htdocs\bioped\app\Helpers\UserHelper.php on line 235
[22-Oct-2019 10:10:09 UTC] PHP Fatal error:  Cannot redeclare App\Helpers\UserHelper::totalPhysicalAppoinment() in C:\Apache24\htdocs\bioped\app\Helpers\UserHelper.php on line 235
[14-Nov-2019 07:05:40 UTC] PHP Fatal error:  Cannot use isset() on the result of an expression (you can use "null !== expression" instead) in C:\Apache24\htdocs\bioped\storage\framework\views\10a10c4088c227369dd4e6d7081401a0d7450f34.php on line 647
[14-Nov-2019 07:08:28 UTC] PHP Fatal error:  Cannot use isset() on the result of an expression (you can use "null !== expression" instead) in C:\Apache24\htdocs\bioped\storage\framework\views\10a10c4088c227369dd4e6d7081401a0d7450f34.php on line 647
[14-Nov-2019 07:08:43 UTC] PHP Fatal error:  Cannot use isset() on the result of an expression (you can use "null !== expression" instead) in C:\Apache24\htdocs\bioped\storage\framework\views\10a10c4088c227369dd4e6d7081401a0d7450f34.php on line 647
[24-Jun-2020 08:12:53 UTC] PHP Warning:  Module 'soap' already loaded in Unknown on line 0
[24-Jun-2020 08:13:59 UTC] PHP Warning:  Module 'soap' already loaded in Unknown on line 0
[24-Jun-2020 08:14:12 UTC] PHP Warning:  Module 'soap' already loaded in Unknown on line 0
[24-Jun-2020 08:14:25 UTC] PHP Warning:  Module 'soap' already loaded in Unknown on line 0
[17-Oct-2020 22:29:46 UTC] PHP Fatal error:  Cannot declare class App\Http\Controllers\Admin\DashboardController, because the name is already in use in C:\Apache24\htdocs\Incident-Reporting\storage\framework\views\ef7789a2498429b5f51b1d8a7f96bb567ff00c60.php on line 1295
[17-Oct-2020 22:30:40 UTC] PHP Fatal error:  Cannot declare class App\Http\Controllers\Admin\DashboardController, because the name is already in use in C:\Apache24\htdocs\Incident-Reporting\storage\framework\views\ef7789a2498429b5f51b1d8a7f96bb567ff00c60.php on line 1295
[17-Oct-2020 22:34:10 UTC] PHP Fatal error:  Cannot declare class App\Http\Controllers\Admin\DashboardController, because the name is already in use in C:\Apache24\htdocs\Incident-Reporting\storage\framework\views\ef7789a2498429b5f51b1d8a7f96bb567ff00c60.php on line 1295
[17-Oct-2020 22:35:41 UTC] PHP Fatal error:  Cannot declare class App\Http\Controllers\Admin\DashboardController, because the name is already in use in C:\Apache24\htdocs\Incident-Reporting\storage\framework\views\ef7789a2498429b5f51b1d8a7f96bb567ff00c60.php on line 1295
[17-Oct-2020 22:35:41 UTC] PHP Fatal error:  Cannot declare class App\Http\Controllers\Admin\DashboardController, because the name is already in use in C:\Apache24\htdocs\Incident-Reporting\storage\framework\views\ef7789a2498429b5f51b1d8a7f96bb567ff00c60.php on line 1295
[17-Oct-2020 22:36:52 UTC] PHP Fatal error:  Cannot declare class App\Http\Controllers\Admin\DashboardController, because the name is already in use in C:\Apache24\htdocs\Incident-Reporting\storage\framework\views\ef7789a2498429b5f51b1d8a7f96bb567ff00c60.php on line 1295
[17-Oct-2020 22:36:55 UTC] PHP Fatal error:  Cannot declare class App\Http\Controllers\Admin\DashboardController, because the name is already in use in C:\Apache24\htdocs\Incident-Reporting\storage\framework\views\ef7789a2498429b5f51b1d8a7f96bb567ff00c60.php on line 1295
[20-Oct-2020 18:57:24 UTC] PHP Fatal error:  Cannot use Illuminate\Http\Request as Request because the name is already in use in C:\Apache24\htdocs\Incident-Reporting\app\Helpers\UserHelper.php on line 37
[26-Nov-2020 23:26:51 Asia/Kolkata] PHP Warning:  header() expects at most 3 parameters, 7 given in C:\Apache24\htdocs\Incident-Reporting\bootstrap\app.php on line 46
[01-Dec-2020 19:34:31 UTC] PHP Fatal error:  Allowed memory size of 268435456 bytes exhausted (tried to allocate 132124672 bytes) in C:\Apache24\htdocs\Incident-Reporting\app\Http\Controllers\api\ApiController.php on line 992
[01-Dec-2020 19:36:11 UTC] PHP Fatal error:  Allowed memory size of 268435456 bytes exhausted (tried to allocate 132124672 bytes) in C:\Apache24\htdocs\Incident-Reporting\app\Http\Controllers\api\ApiController.php on line 994
[01-Dec-2020 20:02:39 UTC] PHP Fatal error:  Allowed memory size of 268435456 bytes exhausted (tried to allocate 132124672 bytes) in C:\Apache24\htdocs\Incident-Reporting\app\Http\Controllers\api\ApiController.php on line 992
[02-Dec-2020 09:43:59 UTC] PHP Fatal error:  Allowed memory size of 268435456 bytes exhausted (tried to allocate 132124672 bytes) in C:\Apache24\htdocs\Incident-Reporting\app\Http\Controllers\api\ApiController.php on line 992
[02-Dec-2020 10:27:39 UTC] PHP Fatal error:  Allowed memory size of 268435456 bytes exhausted (tried to allocate 134221824 bytes) in C:\Apache24\htdocs\Incident-Reporting\app\Http\Controllers\api\ApiController.php on line 992
[02-Dec-2020 10:30:44 UTC] PHP Fatal error:  Allowed memory size of 268435456 bytes exhausted (tried to allocate 134221824 bytes) in C:\Apache24\htdocs\Incident-Reporting\app\Http\Controllers\api\ApiController.php on line 992
[02-Dec-2020 10:45:28 UTC] PHP Fatal error:  Allowed memory size of 268435456 bytes exhausted (tried to allocate 134221824 bytes) in C:\Apache24\htdocs\Incident-Reporting\app\Http\Controllers\api\ApiController.php on line 992
[02-Dec-2020 11:04:03 UTC] PHP Fatal error:  Allowed memory size of 268435456 bytes exhausted (tried to allocate 134221824 bytes) in C:\Apache24\htdocs\Incident-Reporting\app\Http\Controllers\api\ApiController.php on line 992
[02-Dec-2020 11:27:30 UTC] PHP Fatal error:  Allowed memory size of 268435456 bytes exhausted (tried to allocate 134221824 bytes) in C:\Apache24\htdocs\Incident-Reporting\app\Http\Controllers\api\ApiController.php on line 992
[06-Dec-2020 13:25:50 UTC] PHP Fatal error:  Allowed memory size of 268435456 bytes exhausted (tried to allocate 132124672 bytes) in C:\Apache24\htdocs\Incident-Reporting\app\Http\Controllers\api\ApiController.php on line 1024
[06-Dec-2020 13:28:03 UTC] PHP Fatal error:  Allowed memory size of 268435456 bytes exhausted (tried to allocate 132124672 bytes) in C:\Apache24\htdocs\Incident-Reporting\app\Http\Controllers\api\ApiController.php on line 1024
[06-Dec-2020 13:30:11 UTC] PHP Fatal error:  Allowed memory size of 268435456 bytes exhausted (tried to allocate 132124672 bytes) in C:\Apache24\htdocs\Incident-Reporting\app\Http\Controllers\api\ApiController.php on line 1024
[06-Dec-2020 13:36:02 UTC] PHP Fatal error:  Allowed memory size of 268435456 bytes exhausted (tried to allocate 132124672 bytes) in C:\Apache24\htdocs\Incident-Reporting\app\Http\Controllers\api\ApiController.php on line 1024
[20-Jan-2021 10:07:55 UTC] PHP Fatal error:  Cannot use empty array elements in arrays in C:\Apache24\htdocs\Incident-Reporting\app\Http\Controllers\api\ApiController.php on line 115
[19-Jul-2021 07:44:26 UTC] PHP Fatal error:  Allowed memory size of 1610612736 bytes exhausted (tried to allocate 4096 bytes) in phar://C:/ProgramData/ComposerSetup/bin/composer.phar/src/Composer/DependencyResolver/RuleSetGenerator.php on line 129
